2017-10-18 07:14:41,399 [Worker-0] INFO  c.g.t.t.d.PublishedGradleVersions - Gradle version information cache is out-of-date. Trying to update.
2017-10-18 07:19:42,325 [Worker-12] INFO  o.e.m.c.i.e.AbstractTransferListenerAdapter - Downloading http://repositoriomaven.epa.com/nexus/content/groups/public/org/apache/maven/plugins/maven-compiler-plugin/3.7.0/maven-compiler-plugin-3.7.0.jar
2017-10-18 07:19:42,596 [Worker-12] INFO  o.e.m.c.i.e.AbstractTransferListenerAdapter - Downloaded http://repositoriomaven.epa.com/nexus/content/groups/public/org/apache/maven/plugins/maven-compiler-plugin/3.7.0/maven-compiler-plugin-3.7.0.jar
2017-10-18 07:19:43,844 [Worker-12] INFO  o.e.m.c.i.e.AbstractTransferListenerAdapter - Downloading http://repositoriomaven.epa.com/nexus/content/groups/public/org/apache/maven/plugins/maven-compiler-plugin/3.7.0/maven-compiler-plugin-3.7.0.pom
2017-10-18 07:19:44,069 [Worker-12] INFO  o.e.m.c.i.e.AbstractTransferListenerAdapter - Downloaded http://repositoriomaven.epa.com/nexus/content/groups/public/org/apache/maven/plugins/maven-compiler-plugin/3.7.0/maven-compiler-plugin-3.7.0.pom
2017-10-18 07:19:46,399 [Worker-12] INFO  o.e.m.c.i.e.AbstractTransferListenerAdapter - Downloading http://repositoriomaven.epa.com/nexus/content/groups/public/org/codehaus/plexus/plexus-java/0.9.2/plexus-java-0.9.2.pom
2017-10-18 07:19:46,646 [Worker-12] INFO  o.e.m.c.i.e.AbstractTransferListenerAdapter - Downloaded http://repositoriomaven.epa.com/nexus/content/groups/public/org/codehaus/plexus/plexus-java/0.9.2/plexus-java-0.9.2.pom
2017-10-18 07:19:47,084 [Worker-12] INFO  o.e.m.c.i.e.AbstractTransferListenerAdapter - Downloading http://repositoriomaven.epa.com/nexus/content/groups/public/org/codehaus/plexus/plexus-languages/0.9.2/plexus-languages-0.9.2.pom
2017-10-18 07:19:47,333 [Worker-12] INFO  o.e.m.c.i.e.AbstractTransferListenerAdapter - Downloaded http://repositoriomaven.epa.com/nexus/content/groups/public/org/codehaus/plexus/plexus-languages/0.9.2/plexus-languages-0.9.2.pom
2017-10-18 07:19:47,820 [Worker-12] INFO  o.e.m.c.i.e.AbstractTransferListenerAdapter - Downloading http://repositoriomaven.epa.com/nexus/content/groups/public/org/ow2/asm/asm/6.0_BETA/asm-6.0_BETA.pom
2017-10-18 07:19:48,092 [Worker-12] INFO  o.e.m.c.i.e.AbstractTransferListenerAdapter - Downloaded http://repositoriomaven.epa.com/nexus/content/groups/public/org/ow2/asm/asm/6.0_BETA/asm-6.0_BETA.pom
2017-10-18 07:19:48,558 [Worker-12] INFO  o.e.m.c.i.e.AbstractTransferListenerAdapter - Downloading http://repositoriomaven.epa.com/nexus/content/groups/public/org/ow2/asm/asm-parent/6.0_BETA/asm-parent-6.0_BETA.pom
2017-10-18 07:19:48,888 [Worker-12] INFO  o.e.m.c.i.e.AbstractTransferListenerAdapter - Downloaded http://repositoriomaven.epa.com/nexus/content/groups/public/org/ow2/asm/asm-parent/6.0_BETA/asm-parent-6.0_BETA.pom
2017-10-18 07:19:49,379 [Worker-12] INFO  o.e.m.c.i.e.AbstractTransferListenerAdapter - Downloading http://repositoriomaven.epa.com/nexus/content/groups/public/com/thoughtworks/qdox/qdox/2.0-M7/qdox-2.0-M7.pom
2017-10-18 07:19:49,640 [Worker-12] INFO  o.e.m.c.i.e.AbstractTransferListenerAdapter - Downloaded http://repositoriomaven.epa.com/nexus/content/groups/public/com/thoughtworks/qdox/qdox/2.0-M7/qdox-2.0-M7.pom
2017-10-18 07:19:50,124 [Worker-12] INFO  o.e.m.c.i.e.AbstractTransferListenerAdapter - Downloading http://repositoriomaven.epa.com/nexus/content/groups/public/org/codehaus/plexus/plexus-compiler-api/2.8.2/plexus-compiler-api-2.8.2.pom
2017-10-18 07:19:50,347 [Worker-12] INFO  o.e.m.c.i.e.AbstractTransferListenerAdapter - Downloaded http://repositoriomaven.epa.com/nexus/content/groups/public/org/codehaus/plexus/plexus-compiler-api/2.8.2/plexus-compiler-api-2.8.2.pom
2017-10-18 07:19:50,800 [Worker-12] INFO  o.e.m.c.i.e.AbstractTransferListenerAdapter - Downloading http://repositoriomaven.epa.com/nexus/content/groups/public/org/codehaus/plexus/plexus-compiler/2.8.2/plexus-compiler-2.8.2.pom
2017-10-18 07:19:51,061 [Worker-12] INFO  o.e.m.c.i.e.AbstractTransferListenerAdapter - Downloaded http://repositoriomaven.epa.com/nexus/content/groups/public/org/codehaus/plexus/plexus-compiler/2.8.2/plexus-compiler-2.8.2.pom
2017-10-18 07:19:51,567 [Worker-12] INFO  o.e.m.c.i.e.AbstractTransferListenerAdapter - Downloading http://repositoriomaven.epa.com/nexus/content/groups/public/org/codehaus/plexus/plexus-compiler-manager/2.8.2/plexus-compiler-manager-2.8.2.pom
2017-10-18 07:19:51,788 [Worker-12] INFO  o.e.m.c.i.e.AbstractTransferListenerAdapter - Downloaded http://repositoriomaven.epa.com/nexus/content/groups/public/org/codehaus/plexus/plexus-compiler-manager/2.8.2/plexus-compiler-manager-2.8.2.pom
2017-10-18 07:19:52,244 [Worker-12] INFO  o.e.m.c.i.e.AbstractTransferListenerAdapter - Downloading http://repositoriomaven.epa.com/nexus/content/groups/public/org/codehaus/plexus/plexus-compiler-javac/2.8.2/plexus-compiler-javac-2.8.2.pom
2017-10-18 07:19:52,484 [Worker-12] INFO  o.e.m.c.i.e.AbstractTransferListenerAdapter - Downloaded http://repositoriomaven.epa.com/nexus/content/groups/public/org/codehaus/plexus/plexus-compiler-javac/2.8.2/plexus-compiler-javac-2.8.2.pom
2017-10-18 07:19:52,920 [Worker-12] INFO  o.e.m.c.i.e.AbstractTransferListenerAdapter - Downloading http://repositoriomaven.epa.com/nexus/content/groups/public/org/codehaus/plexus/plexus-compilers/2.8.2/plexus-compilers-2.8.2.pom
2017-10-18 07:19:53,168 [Worker-12] INFO  o.e.m.c.i.e.AbstractTransferListenerAdapter - Downloaded http://repositoriomaven.epa.com/nexus/content/groups/public/org/codehaus/plexus/plexus-compilers/2.8.2/plexus-compilers-2.8.2.pom
2017-10-18 07:19:53,692 [Worker-12] INFO  o.e.m.c.i.e.AbstractTransferListenerAdapter - Downloading http://repositoriomaven.epa.com/nexus/content/groups/public/org/codehaus/plexus/plexus-java/0.9.2/plexus-java-0.9.2.jar
2017-10-18 07:19:54,337 [Worker-12] INFO  o.e.m.c.i.e.AbstractTransferListenerAdapter - Downloaded http://repositoriomaven.epa.com/nexus/content/groups/public/org/codehaus/plexus/plexus-java/0.9.2/plexus-java-0.9.2.jar
2017-10-18 07:19:54,864 [Worker-12] INFO  o.e.m.c.i.e.AbstractTransferListenerAdapter - Downloading http://repositoriomaven.epa.com/nexus/content/groups/public/org/ow2/asm/asm/6.0_BETA/asm-6.0_BETA.jar
2017-10-18 07:19:55,129 [Worker-12] INFO  o.e.m.c.i.e.AbstractTransferListenerAdapter - Downloaded http://repositoriomaven.epa.com/nexus/content/groups/public/org/ow2/asm/asm/6.0_BETA/asm-6.0_BETA.jar
2017-10-18 07:19:56,064 [Worker-12] INFO  o.e.m.c.i.e.AbstractTransferListenerAdapter - Downloading http://repositoriomaven.epa.com/nexus/content/groups/public/com/thoughtworks/qdox/qdox/2.0-M7/qdox-2.0-M7.jar
2017-10-18 07:19:56,360 [Worker-12] INFO  o.e.m.c.i.e.AbstractTransferListenerAdapter - Downloaded http://repositoriomaven.epa.com/nexus/content/groups/public/com/thoughtworks/qdox/qdox/2.0-M7/qdox-2.0-M7.jar
2017-10-18 07:19:56,824 [Worker-12] INFO  o.e.m.c.i.e.AbstractTransferListenerAdapter - Downloading http://repositoriomaven.epa.com/nexus/content/groups/public/org/codehaus/plexus/plexus-compiler-api/2.8.2/plexus-compiler-api-2.8.2.jar
2017-10-18 07:19:57,097 [Worker-12] INFO  o.e.m.c.i.e.AbstractTransferListenerAdapter - Downloaded http://repositoriomaven.epa.com/nexus/content/groups/public/org/codehaus/plexus/plexus-compiler-api/2.8.2/plexus-compiler-api-2.8.2.jar
2017-10-18 07:19:57,540 [Worker-12] INFO  o.e.m.c.i.e.AbstractTransferListenerAdapter - Downloading http://repositoriomaven.epa.com/nexus/content/groups/public/org/codehaus/plexus/plexus-compiler-manager/2.8.2/plexus-compiler-manager-2.8.2.jar
2017-10-18 07:19:57,801 [Worker-12] INFO  o.e.m.c.i.e.AbstractTransferListenerAdapter - Downloaded http://repositoriomaven.epa.com/nexus/content/groups/public/org/codehaus/plexus/plexus-compiler-manager/2.8.2/plexus-compiler-manager-2.8.2.jar
2017-10-18 07:19:58,420 [Worker-12] INFO  o.e.m.c.i.e.AbstractTransferListenerAdapter - Downloading http://repositoriomaven.epa.com/nexus/content/groups/public/org/codehaus/plexus/plexus-compiler-javac/2.8.2/plexus-compiler-javac-2.8.2.jar
2017-10-18 07:19:58,682 [Worker-12] INFO  o.e.m.c.i.e.AbstractTransferListenerAdapter - Downloaded http://repositoriomaven.epa.com/nexus/content/groups/public/org/codehaus/plexus/plexus-compiler-javac/2.8.2/plexus-compiler-javac-2.8.2.jar
2017-10-18 07:19:59,918 [Worker-12] INFO  o.e.m.c.i.l.LifecycleMappingFactory - Using org.eclipse.m2e.jdt.JarLifecycleMapping lifecycle mapping for MavenProject: declarations-concealment_of_variables:declarations-concealment_of_variables:0.0.1-SNAPSHOT @ /home/epa.com/eve0016952/Documentos/Workspace_Practicas_eclipse/declarations-concealment_of_variables/pom.xml.
2017-10-18 07:20:01,967 [Worker-7] WARN  o.e.m.c.i.embedder.EclipseLogger - Using platform encoding (UTF-8 actually) to copy filtered resources, i.e. build is platform dependent!
2017-10-18 07:20:01,971 [Worker-7] INFO  o.e.m.c.i.embedder.EclipseLogger - skip non existing resourceDirectory /home/epa.com/eve0016952/Documentos/Workspace_Practicas_eclipse/declarations-concealment_of_variables/src/main/resources
2017-10-18 07:20:01,982 [Worker-7] WARN  o.e.m.c.i.embedder.EclipseLogger - Using platform encoding (UTF-8 actually) to copy filtered resources, i.e. build is platform dependent!
2017-10-18 07:20:01,985 [Worker-7] INFO  o.e.m.c.i.embedder.EclipseLogger - skip non existing resourceDirectory /home/epa.com/eve0016952/Documentos/Workspace_Practicas_eclipse/declarations-concealment_of_variables/src/test/resources
2017-10-18 07:20:02,045 [Worker-12] INFO  o.e.m.j.i.AbstractJavaProjectConfigurator - Adding source folder /declarations-concealment_of_variables/src
2017-10-18 07:20:02,046 [Worker-12] INFO  o.e.m.j.i.AbstractJavaProjectConfigurator - Not adding source folder /declarations-concealment_of_variables/src/test/java because it overlaps with /declarations-concealment_of_variables/src
2017-10-18 07:20:02,239 [Worker-12] INFO  o.e.m.c.i.p.ProjectConfigurationManager - Update started
2017-10-18 07:20:02,841 [Worker-12] INFO  o.e.m.c.i.l.LifecycleMappingFactory - Using org.eclipse.m2e.jdt.JarLifecycleMapping lifecycle mapping for MavenProject: declarations-concealment_of_variables:declarations-concealment_of_variables:0.0.1-SNAPSHOT @ /home/epa.com/eve0016952/Documentos/Workspace_Practicas_eclipse/declarations-concealment_of_variables/pom.xml.
2017-10-18 07:20:03,212 [Worker-27] WARN  o.e.m.c.i.embedder.EclipseLogger - Using platform encoding (UTF-8 actually) to copy filtered resources, i.e. build is platform dependent!
2017-10-18 07:20:03,213 [Worker-27] INFO  o.e.m.c.i.embedder.EclipseLogger - skip non existing resourceDirectory /home/epa.com/eve0016952/Documentos/Workspace_Practicas_eclipse/declarations-concealment_of_variables/src/main/resources
2017-10-18 07:20:03,221 [Worker-27] WARN  o.e.m.c.i.embedder.EclipseLogger - Using platform encoding (UTF-8 actually) to copy filtered resources, i.e. build is platform dependent!
2017-10-18 07:20:03,223 [Worker-27] INFO  o.e.m.c.i.embedder.EclipseLogger - skip non existing resourceDirectory /home/epa.com/eve0016952/Documentos/Workspace_Practicas_eclipse/declarations-concealment_of_variables/src/test/resources
2017-10-18 07:20:03,610 [Worker-12] INFO  o.e.m.j.i.AbstractJavaProjectConfigurator - Adding source folder /declarations-concealment_of_variables/src
2017-10-18 07:20:03,624 [Worker-12] INFO  o.e.m.j.i.AbstractJavaProjectConfigurator - Not adding source folder /declarations-concealment_of_variables/src/test/java because it overlaps with /declarations-concealment_of_variables/src
2017-10-18 07:20:03,723 [Worker-12] INFO  o.e.m.c.i.p.ProjectConfigurationManager - Update completed: 1 sec
2017-10-18 07:20:04,668 [Worker-0] WARN  o.e.m.c.i.embedder.EclipseLogger - Using platform encoding (UTF-8 actually) to copy filtered resources, i.e. build is platform dependent!
2017-10-18 07:20:04,671 [Worker-0] INFO  o.e.m.c.i.embedder.EclipseLogger - skip non existing resourceDirectory /home/epa.com/eve0016952/Documentos/Workspace_Practicas_eclipse/declarations-concealment_of_variables/src/main/resources
2017-10-18 07:20:04,673 [Worker-0] WARN  o.e.m.c.i.embedder.EclipseLogger - Using platform encoding (UTF-8 actually) to copy filtered resources, i.e. build is platform dependent!
2017-10-18 07:20:04,673 [Worker-0] INFO  o.e.m.c.i.embedder.EclipseLogger - skip non existing resourceDirectory /home/epa.com/eve0016952/Documentos/Workspace_Practicas_eclipse/declarations-concealment_of_variables/src/test/resources
2017-10-18 07:20:25,373 [Worker-29] WARN  o.e.m.c.i.embedder.EclipseLogger - Using platform encoding (UTF-8 actually) to copy filtered resources, i.e. build is platform dependent!
2017-10-18 07:20:25,374 [Worker-29] INFO  o.e.m.c.i.embedder.EclipseLogger - skip non existing resourceDirectory /home/epa.com/eve0016952/Documentos/Workspace_Practicas_eclipse/declarations-concealment_of_variables/src/main/resources
2017-10-18 07:20:25,375 [Worker-29] WARN  o.e.m.c.i.embedder.EclipseLogger - Using platform encoding (UTF-8 actually) to copy filtered resources, i.e. build is platform dependent!
2017-10-18 07:20:25,376 [Worker-29] INFO  o.e.m.c.i.embedder.EclipseLogger - skip non existing resourceDirectory /home/epa.com/eve0016952/Documentos/Workspace_Practicas_eclipse/declarations-concealment_of_variables/src/test/resources
2017-10-18 07:20:36,915 [Worker-0] WARN  o.e.m.c.i.embedder.EclipseLogger - Using platform encoding (UTF-8 actually) to copy filtered resources, i.e. build is platform dependent!
2017-10-18 07:20:36,915 [Worker-0] INFO  o.e.m.c.i.embedder.EclipseLogger - skip non existing resourceDirectory /home/epa.com/eve0016952/Documentos/Workspace_Practicas_eclipse/declarations-concealment_of_variables/src/main/resources
2017-10-18 07:20:36,917 [Worker-0] WARN  o.e.m.c.i.embedder.EclipseLogger - Using platform encoding (UTF-8 actually) to copy filtered resources, i.e. build is platform dependent!
2017-10-18 07:20:36,917 [Worker-0] INFO  o.e.m.c.i.embedder.EclipseLogger - skip non existing resourceDirectory /home/epa.com/eve0016952/Documentos/Workspace_Practicas_eclipse/declarations-concealment_of_variables/src/test/resources
2017-10-18 07:30:19,664 [Worker-27] WARN  o.e.m.c.i.embedder.EclipseLogger - Using platform encoding (UTF-8 actually) to copy filtered resources, i.e. build is platform dependent!
2017-10-18 07:30:19,669 [Worker-27] INFO  o.e.m.c.i.embedder.EclipseLogger - skip non existing resourceDirectory /home/epa.com/eve0016952/Documentos/Workspace_Practicas_eclipse/declarations-concealment_of_variables/src/main/resources
2017-10-18 07:30:19,670 [Worker-27] WARN  o.e.m.c.i.embedder.EclipseLogger - Using platform encoding (UTF-8 actually) to copy filtered resources, i.e. build is platform dependent!
2017-10-18 07:30:19,671 [Worker-27] INFO  o.e.m.c.i.embedder.EclipseLogger - skip non existing resourceDirectory /home/epa.com/eve0016952/Documentos/Workspace_Practicas_eclipse/declarations-concealment_of_variables/src/test/resources
2017-10-18 07:31:58,344 [Worker-34] WARN  o.e.m.c.i.embedder.EclipseLogger - Using platform encoding (UTF-8 actually) to copy filtered resources, i.e. build is platform dependent!
2017-10-18 07:31:58,347 [Worker-34] INFO  o.e.m.c.i.embedder.EclipseLogger - skip non existing resourceDirectory /home/epa.com/eve0016952/Documentos/Workspace_Practicas_eclipse/declarations-concealment_of_variables/src/main/resources
2017-10-18 07:31:58,349 [Worker-34] WARN  o.e.m.c.i.embedder.EclipseLogger - Using platform encoding (UTF-8 actually) to copy filtered resources, i.e. build is platform dependent!
2017-10-18 07:31:58,353 [Worker-34] INFO  o.e.m.c.i.embedder.EclipseLogger - skip non existing resourceDirectory /home/epa.com/eve0016952/Documentos/Workspace_Practicas_eclipse/declarations-concealment_of_variables/src/test/resources
2017-10-18 07:32:56,351 [Worker-0] WARN  o.e.m.c.i.embedder.EclipseLogger - Using platform encoding (UTF-8 actually) to copy filtered resources, i.e. build is platform dependent!
2017-10-18 07:32:56,351 [Worker-0] INFO  o.e.m.c.i.embedder.EclipseLogger - skip non existing resourceDirectory /home/epa.com/eve0016952/Documentos/Workspace_Practicas_eclipse/declarations-concealment_of_variables/src/main/resources
2017-10-18 07:32:56,358 [Worker-0] WARN  o.e.m.c.i.embedder.EclipseLogger - Using platform encoding (UTF-8 actually) to copy filtered resources, i.e. build is platform dependent!
2017-10-18 07:32:56,359 [Worker-0] INFO  o.e.m.c.i.embedder.EclipseLogger - skip non existing resourceDirectory /home/epa.com/eve0016952/Documentos/Workspace_Practicas_eclipse/declarations-concealment_of_variables/src/test/resources
2017-10-18 07:36:38,170 [Worker-0] WARN  o.e.m.c.i.embedder.EclipseLogger - Using platform encoding (UTF-8 actually) to copy filtered resources, i.e. build is platform dependent!
2017-10-18 07:36:38,170 [Worker-0] INFO  o.e.m.c.i.embedder.EclipseLogger - skip non existing resourceDirectory /home/epa.com/eve0016952/Documentos/Workspace_Practicas_eclipse/declarations-concealment_of_variables/src/main/resources
2017-10-18 07:36:38,175 [Worker-0] WARN  o.e.m.c.i.embedder.EclipseLogger - Using platform encoding (UTF-8 actually) to copy filtered resources, i.e. build is platform dependent!
2017-10-18 07:36:38,176 [Worker-0] INFO  o.e.m.c.i.embedder.EclipseLogger - skip non existing resourceDirectory /home/epa.com/eve0016952/Documentos/Workspace_Practicas_eclipse/declarations-concealment_of_variables/src/test/resources
2017-10-18 07:38:40,101 [Worker-0] WARN  o.e.m.c.i.embedder.EclipseLogger - Using platform encoding (UTF-8 actually) to copy filtered resources, i.e. build is platform dependent!
2017-10-18 07:38:40,102 [Worker-0] INFO  o.e.m.c.i.embedder.EclipseLogger - skip non existing resourceDirectory /home/epa.com/eve0016952/Documentos/Workspace_Practicas_eclipse/declarations-concealment_of_variables/src/main/resources
2017-10-18 07:38:40,104 [Worker-0] WARN  o.e.m.c.i.embedder.EclipseLogger - Using platform encoding (UTF-8 actually) to copy filtered resources, i.e. build is platform dependent!
2017-10-18 07:38:40,109 [Worker-0] INFO  o.e.m.c.i.embedder.EclipseLogger - skip non existing resourceDirectory /home/epa.com/eve0016952/Documentos/Workspace_Practicas_eclipse/declarations-concealment_of_variables/src/test/resources
2017-10-18 07:40:20,045 [Worker-30] WARN  o.e.m.c.i.embedder.EclipseLogger - Using platform encoding (UTF-8 actually) to copy filtered resources, i.e. build is platform dependent!
2017-10-18 07:40:20,047 [Worker-30] INFO  o.e.m.c.i.embedder.EclipseLogger - skip non existing resourceDirectory /home/epa.com/eve0016952/Documentos/Workspace_Practicas_eclipse/declarations-concealment_of_variables/src/main/resources
2017-10-18 07:40:20,048 [Worker-30] WARN  o.e.m.c.i.embedder.EclipseLogger - Using platform encoding (UTF-8 actually) to copy filtered resources, i.e. build is platform dependent!
2017-10-18 07:40:20,049 [Worker-30] INFO  o.e.m.c.i.embedder.EclipseLogger - skip non existing resourceDirectory /home/epa.com/eve0016952/Documentos/Workspace_Practicas_eclipse/declarations-concealment_of_variables/src/test/resources
2017-10-18 07:40:37,355 [Worker-30] WARN  o.e.m.c.i.embedder.EclipseLogger - Using platform encoding (UTF-8 actually) to copy filtered resources, i.e. build is platform dependent!
2017-10-18 07:40:37,369 [Worker-30] INFO  o.e.m.c.i.embedder.EclipseLogger - skip non existing resourceDirectory /home/epa.com/eve0016952/Documentos/Workspace_Practicas_eclipse/declarations-concealment_of_variables/src/main/resources
2017-10-18 07:40:37,371 [Worker-30] WARN  o.e.m.c.i.embedder.EclipseLogger - Using platform encoding (UTF-8 actually) to copy filtered resources, i.e. build is platform dependent!
2017-10-18 07:40:37,371 [Worker-30] INFO  o.e.m.c.i.embedder.EclipseLogger - skip non existing resourceDirectory /home/epa.com/eve0016952/Documentos/Workspace_Practicas_eclipse/declarations-concealment_of_variables/src/test/resources
2017-10-18 07:55:22,702 [Worker-8] WARN  o.e.m.c.i.embedder.EclipseLogger - Using platform encoding (UTF-8 actually) to copy filtered resources, i.e. build is platform dependent!
2017-10-18 07:55:22,703 [Worker-8] INFO  o.e.m.c.i.embedder.EclipseLogger - skip non existing resourceDirectory /home/epa.com/eve0016952/Documentos/Workspace_Practicas_eclipse/declarations-concealment_of_variables/src/main/resources
2017-10-18 07:55:22,705 [Worker-8] WARN  o.e.m.c.i.embedder.EclipseLogger - Using platform encoding (UTF-8 actually) to copy filtered resources, i.e. build is platform dependent!
2017-10-18 07:55:22,705 [Worker-8] INFO  o.e.m.c.i.embedder.EclipseLogger - skip non existing resourceDirectory /home/epa.com/eve0016952/Documentos/Workspace_Practicas_eclipse/declarations-concealment_of_variables/src/test/resources
2017-10-18 07:55:46,368 [Worker-31] WARN  o.e.m.c.i.embedder.EclipseLogger - Using platform encoding (UTF-8 actually) to copy filtered resources, i.e. build is platform dependent!
2017-10-18 07:55:46,368 [Worker-31] INFO  o.e.m.c.i.embedder.EclipseLogger - skip non existing resourceDirectory /home/epa.com/eve0016952/Documentos/Workspace_Practicas_eclipse/declarations-concealment_of_variables/src/main/resources
2017-10-18 07:55:46,377 [Worker-31] WARN  o.e.m.c.i.embedder.EclipseLogger - Using platform encoding (UTF-8 actually) to copy filtered resources, i.e. build is platform dependent!
2017-10-18 07:55:46,378 [Worker-31] INFO  o.e.m.c.i.embedder.EclipseLogger - skip non existing resourceDirectory /home/epa.com/eve0016952/Documentos/Workspace_Practicas_eclipse/declarations-concealment_of_variables/src/test/resources
2017-10-18 07:57:18,733 [Worker-32] WARN  o.e.m.c.i.embedder.EclipseLogger - Using platform encoding (UTF-8 actually) to copy filtered resources, i.e. build is platform dependent!
2017-10-18 07:57:18,734 [Worker-32] INFO  o.e.m.c.i.embedder.EclipseLogger - skip non existing resourceDirectory /home/epa.com/eve0016952/Documentos/Workspace_Practicas_eclipse/declarations-concealment_of_variables/src/main/resources
2017-10-18 07:57:18,735 [Worker-32] WARN  o.e.m.c.i.embedder.EclipseLogger - Using platform encoding (UTF-8 actually) to copy filtered resources, i.e. build is platform dependent!
2017-10-18 07:57:18,736 [Worker-32] INFO  o.e.m.c.i.embedder.EclipseLogger - skip non existing resourceDirectory /home/epa.com/eve0016952/Documentos/Workspace_Practicas_eclipse/declarations-concealment_of_variables/src/test/resources
2017-10-18 07:57:48,026 [Worker-32] WARN  o.e.m.c.i.embedder.EclipseLogger - Using platform encoding (UTF-8 actually) to copy filtered resources, i.e. build is platform dependent!
2017-10-18 07:57:48,027 [Worker-32] INFO  o.e.m.c.i.embedder.EclipseLogger - skip non existing resourceDirectory /home/epa.com/eve0016952/Documentos/Workspace_Practicas_eclipse/declarations-concealment_of_variables/src/main/resources
2017-10-18 07:57:48,029 [Worker-32] WARN  o.e.m.c.i.embedder.EclipseLogger - Using platform encoding (UTF-8 actually) to copy filtered resources, i.e. build is platform dependent!
2017-10-18 07:57:48,029 [Worker-32] INFO  o.e.m.c.i.embedder.EclipseLogger - skip non existing resourceDirectory /home/epa.com/eve0016952/Documentos/Workspace_Practicas_eclipse/declarations-concealment_of_variables/src/test/resources
2017-10-18 07:59:58,225 [Worker-8] WARN  o.e.m.c.i.embedder.EclipseLogger - Using platform encoding (UTF-8 actually) to copy filtered resources, i.e. build is platform dependent!
2017-10-18 07:59:58,225 [Worker-8] INFO  o.e.m.c.i.embedder.EclipseLogger - skip non existing resourceDirectory /home/epa.com/eve0016952/Documentos/Workspace_Practicas_eclipse/declarations-concealment_of_variables/src/main/resources
2017-10-18 07:59:58,229 [Worker-8] WARN  o.e.m.c.i.embedder.EclipseLogger - Using platform encoding (UTF-8 actually) to copy filtered resources, i.e. build is platform dependent!
2017-10-18 07:59:58,230 [Worker-8] INFO  o.e.m.c.i.embedder.EclipseLogger - skip non existing resourceDirectory /home/epa.com/eve0016952/Documentos/Workspace_Practicas_eclipse/declarations-concealment_of_variables/src/test/resources
2017-10-18 08:00:26,722 [Worker-36] WARN  o.e.m.c.i.embedder.EclipseLogger - Using platform encoding (UTF-8 actually) to copy filtered resources, i.e. build is platform dependent!
2017-10-18 08:00:26,722 [Worker-36] INFO  o.e.m.c.i.embedder.EclipseLogger - skip non existing resourceDirectory /home/epa.com/eve0016952/Documentos/Workspace_Practicas_eclipse/declarations-concealment_of_variables/src/main/resources
2017-10-18 08:00:26,723 [Worker-36] WARN  o.e.m.c.i.embedder.EclipseLogger - Using platform encoding (UTF-8 actually) to copy filtered resources, i.e. build is platform dependent!
2017-10-18 08:00:26,724 [Worker-36] INFO  o.e.m.c.i.embedder.EclipseLogger - skip non existing resourceDirectory /home/epa.com/eve0016952/Documentos/Workspace_Practicas_eclipse/declarations-concealment_of_variables/src/test/resources
2017-10-18 08:01:35,387 [Worker-8] WARN  o.e.m.c.i.embedder.EclipseLogger - Using platform encoding (UTF-8 actually) to copy filtered resources, i.e. build is platform dependent!
2017-10-18 08:01:35,388 [Worker-8] INFO  o.e.m.c.i.embedder.EclipseLogger - skip non existing resourceDirectory /home/epa.com/eve0016952/Documentos/Workspace_Practicas_eclipse/declarations-concealment_of_variables/src/main/resources
2017-10-18 08:01:35,389 [Worker-8] WARN  o.e.m.c.i.embedder.EclipseLogger - Using platform encoding (UTF-8 actually) to copy filtered resources, i.e. build is platform dependent!
2017-10-18 08:01:35,390 [Worker-8] INFO  o.e.m.c.i.embedder.EclipseLogger - skip non existing resourceDirectory /home/epa.com/eve0016952/Documentos/Workspace_Practicas_eclipse/declarations-concealment_of_variables/src/test/resources
2017-10-18 08:02:29,029 [Worker-39] WARN  o.e.m.c.i.embedder.EclipseLogger - Using platform encoding (UTF-8 actually) to copy filtered resources, i.e. build is platform dependent!
2017-10-18 08:02:29,029 [Worker-39] INFO  o.e.m.c.i.embedder.EclipseLogger - skip non existing resourceDirectory /home/epa.com/eve0016952/Documentos/Workspace_Practicas_eclipse/declarations-concealment_of_variables/src/main/resources
2017-10-18 08:02:29,031 [Worker-39] WARN  o.e.m.c.i.embedder.EclipseLogger - Using platform encoding (UTF-8 actually) to copy filtered resources, i.e. build is platform dependent!
2017-10-18 08:02:29,031 [Worker-39] INFO  o.e.m.c.i.embedder.EclipseLogger - skip non existing resourceDirectory /home/epa.com/eve0016952/Documentos/Workspace_Practicas_eclipse/declarations-concealment_of_variables/src/test/resources
2017-10-18 08:02:55,564 [Worker-8] WARN  o.e.m.c.i.embedder.EclipseLogger - Using platform encoding (UTF-8 actually) to copy filtered resources, i.e. build is platform dependent!
2017-10-18 08:02:55,565 [Worker-8] INFO  o.e.m.c.i.embedder.EclipseLogger - skip non existing resourceDirectory /home/epa.com/eve0016952/Documentos/Workspace_Practicas_eclipse/declarations-concealment_of_variables/src/main/resources
2017-10-18 08:02:55,566 [Worker-8] WARN  o.e.m.c.i.embedder.EclipseLogger - Using platform encoding (UTF-8 actually) to copy filtered resources, i.e. build is platform dependent!
2017-10-18 08:02:55,567 [Worker-8] INFO  o.e.m.c.i.embedder.EclipseLogger - skip non existing resourceDirectory /home/epa.com/eve0016952/Documentos/Workspace_Practicas_eclipse/declarations-concealment_of_variables/src/test/resources
2017-10-18 08:07:08,955 [Worker-8] WARN  o.e.m.c.i.embedder.EclipseLogger - Using platform encoding (UTF-8 actually) to copy filtered resources, i.e. build is platform dependent!
2017-10-18 08:07:08,956 [Worker-8] INFO  o.e.m.c.i.embedder.EclipseLogger - skip non existing resourceDirectory /home/epa.com/eve0016952/Documentos/Workspace_Practicas_eclipse/declarations-concealment_of_variables/src/main/resources
2017-10-18 08:07:08,957 [Worker-8] WARN  o.e.m.c.i.embedder.EclipseLogger - Using platform encoding (UTF-8 actually) to copy filtered resources, i.e. build is platform dependent!
2017-10-18 08:07:08,957 [Worker-8] INFO  o.e.m.c.i.embedder.EclipseLogger - skip non existing resourceDirectory /home/epa.com/eve0016952/Documentos/Workspace_Practicas_eclipse/declarations-concealment_of_variables/src/test/resources
2017-10-18 08:07:40,724 [Worker-31] WARN  o.e.m.c.i.embedder.EclipseLogger - Using platform encoding (UTF-8 actually) to copy filtered resources, i.e. build is platform dependent!
2017-10-18 08:07:40,724 [Worker-31] INFO  o.e.m.c.i.embedder.EclipseLogger - skip non existing resourceDirectory /home/epa.com/eve0016952/Documentos/Workspace_Practicas_eclipse/declarations-concealment_of_variables/src/main/resources
2017-10-18 08:07:40,726 [Worker-31] WARN  o.e.m.c.i.embedder.EclipseLogger - Using platform encoding (UTF-8 actually) to copy filtered resources, i.e. build is platform dependent!
2017-10-18 08:07:40,727 [Worker-31] INFO  o.e.m.c.i.embedder.EclipseLogger - skip non existing resourceDirectory /home/epa.com/eve0016952/Documentos/Workspace_Practicas_eclipse/declarations-concealment_of_variables/src/test/resources
2017-10-18 08:13:58,570 [Worker-38] WARN  o.e.m.c.i.embedder.EclipseLogger - Using platform encoding (UTF-8 actually) to copy filtered resources, i.e. build is platform dependent!
2017-10-18 08:13:58,570 [Worker-38] INFO  o.e.m.c.i.embedder.EclipseLogger - skip non existing resourceDirectory /home/epa.com/eve0016952/Documentos/Workspace_Practicas_eclipse/declarations-concealment_of_variables/src/main/resources
2017-10-18 08:13:58,571 [Worker-38] WARN  o.e.m.c.i.embedder.EclipseLogger - Using platform encoding (UTF-8 actually) to copy filtered resources, i.e. build is platform dependent!
2017-10-18 08:13:58,572 [Worker-38] INFO  o.e.m.c.i.embedder.EclipseLogger - skip non existing resourceDirectory /home/epa.com/eve0016952/Documentos/Workspace_Practicas_eclipse/declarations-concealment_of_variables/src/test/resources
2017-10-18 08:15:10,772 [Worker-37] WARN  o.e.m.c.i.embedder.EclipseLogger - Using platform encoding (UTF-8 actually) to copy filtered resources, i.e. build is platform dependent!
2017-10-18 08:15:10,775 [Worker-37] INFO  o.e.m.c.i.embedder.EclipseLogger - skip non existing resourceDirectory /home/epa.com/eve0016952/Documentos/Workspace_Practicas_eclipse/declarations-concealment_of_variables/src/main/resources
2017-10-18 08:15:10,777 [Worker-37] WARN  o.e.m.c.i.embedder.EclipseLogger - Using platform encoding (UTF-8 actually) to copy filtered resources, i.e. build is platform dependent!
2017-10-18 08:15:10,778 [Worker-37] INFO  o.e.m.c.i.embedder.EclipseLogger - skip non existing resourceDirectory /home/epa.com/eve0016952/Documentos/Workspace_Practicas_eclipse/declarations-concealment_of_variables/src/test/resources
2017-10-18 08:15:57,136 [Worker-42] WARN  o.e.m.c.i.embedder.EclipseLogger - Using platform encoding (UTF-8 actually) to copy filtered resources, i.e. build is platform dependent!
2017-10-18 08:15:57,136 [Worker-42] INFO  o.e.m.c.i.embedder.EclipseLogger - skip non existing resourceDirectory /home/epa.com/eve0016952/Documentos/Workspace_Practicas_eclipse/declarations-concealment_of_variables/src/main/resources
2017-10-18 08:15:57,137 [Worker-42] WARN  o.e.m.c.i.embedder.EclipseLogger - Using platform encoding (UTF-8 actually) to copy filtered resources, i.e. build is platform dependent!
2017-10-18 08:15:57,138 [Worker-42] INFO  o.e.m.c.i.embedder.EclipseLogger - skip non existing resourceDirectory /home/epa.com/eve0016952/Documentos/Workspace_Practicas_eclipse/declarations-concealment_of_variables/src/test/resources
